\BOOKMARK [0][-]{chapter.1}{Background}{}% 1
\BOOKMARK [1][-]{section.1.1}{Introduction of noisy environments}{chapter.1}% 2
\BOOKMARK [1][-]{section.1.2}{Historical Overview}{chapter.1}% 3
\BOOKMARK [1][-]{section.1.3}{Description of the project}{chapter.1}% 4
\BOOKMARK [1][-]{section.1.4}{Goal}{chapter.1}% 5
\BOOKMARK [1][-]{section.1.5}{Organizationn and Human Resources}{chapter.1}% 6
\BOOKMARK [0][-]{chapter.2}{Methodology}{}% 7
\BOOKMARK [1][-]{section.2.1}{Theory Group}{chapter.2}% 8
\BOOKMARK [1][-]{section.2.2}{Android Group}{chapter.2}% 9
\BOOKMARK [1][-]{section.2.3}{Multimedia Group}{chapter.2}% 10
\BOOKMARK [1][-]{section.2.4}{Management Group}{chapter.2}% 11
\BOOKMARK [1][-]{section.2.5}{Cross-Groups Duties}{chapter.2}% 12
\BOOKMARK [0][-]{chapter.3}{Theory}{}% 13
\BOOKMARK [1][-]{section.3.1}{Successful Approaches}{chapter.3}% 14
\BOOKMARK [2][-]{subsection.3.1.1}{LMS Algorithm \046 NMLS}{section.3.1}% 15
\BOOKMARK [2][-]{subsection.3.1.2}{Wiener Non-Causal Filtering}{section.3.1}% 16
\BOOKMARK [2][-]{subsection.3.1.3}{Speech Enhancement Using a-Minimum Mean- Square Error Short-Time Spectral Amplitude Estimator}{section.3.1}% 17
\BOOKMARK [1][-]{section.3.2}{Unsuccessful Approaches}{chapter.3}% 18
\BOOKMARK [2][-]{subsection.3.2.1}{Kalman Filtering}{section.3.2}% 19
\BOOKMARK [2][-]{subsection.3.2.2}{RLS}{section.3.2}% 20
\BOOKMARK [0][-]{chapter.4}{Android}{}% 21
\BOOKMARK [0][-]{chapter.5}{Conclusions}{}% 22
\BOOKMARK [0][-]{chapter.6}{Appendices}{}% 23
